<?xml version="1.0" encoding="UTF-8"?>
<robot generator="Robot 6.1.1 (Python 3.12.0 on win32)" generated="20231123 00:12:46.429" rpa="false" schemaversion="4">
<suite id="s1" name="ShouldLoginRepmais" source="c:\Projetos\Estudos\repmais\tests\ShouldLoginRepmais.robot">
<test id="s1-t1" name="Caso de Teste 1 - Acesso ao sistema rep mais" line="11">
<kw name="Acessar home de login repmais" library="login">
<kw name="Abrir o navegador" library="config">
<kw name="Open Browser" library="SeleniumLibrary">
<arg>browser=${BROWSER}</arg>
<doc>Opens a new browser instance to the optional ``url``.</doc>
<msg timestamp="20231123 00:12:46.850" level="INFO">Opening browser 'chrome' to base url 'None'.</msg>
<status status="PASS" starttime="20231123 00:12:46.850" endtime="20231123 00:12:49.016"/>
</kw>
<kw name="Maximize Browser Window" library="SeleniumLibrary">
<doc>Maximizes current browser window.</doc>
<status status="PASS" starttime="20231123 00:12:49.017" endtime="20231123 00:12:49.156"/>
</kw>
<status status="PASS" starttime="20231123 00:12:46.850" endtime="20231123 00:12:49.156"/>
</kw>
<kw name="Go To" library="SeleniumLibrary">
<arg>${URL_HOST}</arg>
<doc>Navigates the current browser window to the provided ``url``.</doc>
<msg timestamp="20231123 00:12:49.158" level="INFO">Opening url 'http://repmais-hlg.innovaci.com.br/auth/login'</msg>
<status status="PASS" starttime="20231123 00:12:49.157" endtime="20231123 00:12:50.814"/>
</kw>
<kw name="Wait Until Element Is Visible" library="SeleniumLibrary">
<arg>locator=${TEXT_SCREEN_LOGIN}</arg>
<doc>Waits until the element ``locator`` is visible.</doc>
<status status="PASS" starttime="20231123 00:12:50.814" endtime="20231123 00:12:50.876"/>
</kw>
<status status="PASS" starttime="20231123 00:12:46.850" endtime="20231123 00:12:50.876"/>
</kw>
<kw name="Validar components da tela de login" library="login">
<kw name="Element Should Be Visible" library="SeleniumLibrary">
<arg>locator=${TEXT_EMAIL}</arg>
<doc>Verifies that the element identified by ``locator`` is visible.</doc>
<msg timestamp="20231123 00:12:50.930" level="INFO">Element '//span[@role='label'][contains(.,'E-mail')]' is displayed.</msg>
<status status="PASS" starttime="20231123 00:12:50.878" endtime="20231123 00:12:50.930"/>
</kw>
<kw name="Element Should Be Visible" library="SeleniumLibrary">
<arg>locator=${TEXT_PASSWORD}</arg>
<doc>Verifies that the element identified by ``locator`` is visible.</doc>
<msg timestamp="20231123 00:12:50.974" level="INFO">Element '//span[@role='label'][contains(.,'Senha')]' is displayed.</msg>
<status status="PASS" starttime="20231123 00:12:50.931" endtime="20231123 00:12:50.975"/>
</kw>
<kw name="Element Should Be Visible" library="SeleniumLibrary">
<arg>locator=${BUTTON_SUBMIT}</arg>
<doc>Verifies that the element identified by ``locator`` is visible.</doc>
<msg timestamp="20231123 00:12:51.009" level="INFO">Element '//button[@type='submit'][contains(.,'Próximo')]' is displayed.</msg>
<status status="PASS" starttime="20231123 00:12:50.975" endtime="20231123 00:12:51.009"/>
</kw>
<kw name="Element Text Should Be" library="SeleniumLibrary">
<arg>locator=${BUTTON_SUBMIT}</arg>
<arg>expected=${TEXT_BUTTON}</arg>
<doc>Verifies that element ``locator`` contains exact the text ``expected``.</doc>
<msg timestamp="20231123 00:12:51.010" level="INFO">Verifying element '//button[@type='submit'][contains(.,'Próximo')]' contains exact text 'Próximo'.</msg>
<status status="PASS" starttime="20231123 00:12:51.009" endtime="20231123 00:12:51.046"/>
</kw>
<status status="PASS" starttime="20231123 00:12:50.877" endtime="20231123 00:12:51.047"/>
</kw>
<kw name="Acessando sistema com o login da usuário" library="login">
<kw name="Input Text" library="SeleniumLibrary">
<arg>locator=${INPUT_EMAIL}</arg>
<arg>text=${LOGIN}</arg>
<doc>Types the given ``text`` into the text field identified by ``locator``.</doc>
<msg timestamp="20231123 00:12:51.050" level="INFO">Typing text 'marina.mattos@guaranisistemas.com.br' into text field 'email-test-rep'.</msg>
<status status="PASS" starttime="20231123 00:12:51.048" endtime="20231123 00:12:51.408"/>
</kw>
<kw name="Input Password" library="SeleniumLibrary">
<arg>locator=${INPUT_PASSWORD}</arg>
<arg>password=${PASSWORD}</arg>
<doc>Types the given password into the text field identified by ``locator``.</doc>
<msg timestamp="20231123 00:12:51.410" level="INFO">Typing password into text field 'senha-test-rep'.</msg>
<msg timestamp="20231123 00:12:51.475" level="INFO">Temporally setting log level to: NONE</msg>
<msg timestamp="20231123 00:12:51.582" level="INFO">Log level changed from NONE to INFO.</msg>
<status status="PASS" starttime="20231123 00:12:51.408" endtime="20231123 00:12:51.582"/>
</kw>
<kw name="Click Button" library="SeleniumLibrary">
<arg>locator=${BUTTON_SUBMIT}</arg>
<doc>Clicks the button identified by ``locator``.</doc>
<msg timestamp="20231123 00:12:51.583" level="INFO">Clicking button '//button[@type='submit'][contains(.,'Próximo')]'.</msg>
<status status="PASS" starttime="20231123 00:12:51.583" endtime="20231123 00:12:51.711"/>
</kw>
<status status="PASS" starttime="20231123 00:12:51.047" endtime="20231123 00:12:51.712"/>
</kw>
<kw name="Valida acesso ao sistema após login" library="login">
<kw name="Sleep" library="BuiltIn">
<arg>time_=2</arg>
<doc>Pauses the test executed for the given time.</doc>
<msg timestamp="20231123 00:12:53.717" level="INFO">Slept 2 seconds</msg>
<status status="PASS" starttime="20231123 00:12:51.715" endtime="20231123 00:12:53.717"/>
</kw>
<kw name="Element Should Be Visible" library="SeleniumLibrary">
<arg>locator=${TEXT_HOME}</arg>
<doc>Verifies that the element identified by ``locator`` is visible.</doc>
<msg timestamp="20231123 00:12:53.757" level="INFO">Element '//h1[@class='c-hyKXie c-hyKXie-ibpdmLV-css'][contains(.,'Escolha uma organização para entrar')]' is displayed.</msg>
<status status="PASS" starttime="20231123 00:12:53.718" endtime="20231123 00:12:53.757"/>
</kw>
<kw name="Element Should Be Visible" library="SeleniumLibrary">
<arg>locator=${ORGANIZATION}</arg>
<doc>Verifies that the element identified by ``locator`` is visible.</doc>
<msg timestamp="20231123 00:12:53.795" level="INFO">Element '//span[contains(.,'Testes Marina')]' is displayed.</msg>
<status status="PASS" starttime="20231123 00:12:53.758" endtime="20231123 00:12:53.795"/>
</kw>
<status status="PASS" starttime="20231123 00:12:51.714" endtime="20231123 00:12:53.795"/>
</kw>
<doc>Esse teste irá abrir o sistema repmais e realizar login de uma conta</doc>
<tag>menus</tag>
<status status="PASS" starttime="20231123 00:12:46.850" endtime="20231123 00:12:53.796"/>
</test>
<doc>Suite de teste de login repmais</doc>
<status status="PASS" starttime="20231123 00:12:46.438" endtime="20231123 00:12:53.802"/>
</suite>
<statistics>
<total>
<stat pass="1" fail="0" skip="0">All Tests</stat>
</total>
<tag>
<stat pass="1" fail="0" skip="0">menus</stat>
</tag>
<suite>
<stat pass="1" fail="0" skip="0" id="s1" name="ShouldLoginRepmais">ShouldLoginRepmais</stat>
</suite>
</statistics>
<errors>
</errors>
</robot>
